4.421455317900000227e+04 -7.309901014881678566e+04 -7.006532919446499363e+01 7.882620000000000182e+00
4.421461554199999955e+04 -7.309801014622788352e+04 -6.944599123772586324e+01 7.882595000000000240e+00
4.421467790399999649e+04 -7.309701015967418789e+04 -6.969065230409623268e+01 7.882570000000000299e+00
4.496802104300000065e+04 -6.101700936810549319e+04 1.113924414519069614e+02 9.250209700000000623e+01
4.496895648600000277e+04 -6.100200936134165386e+04 -1.064694458170063029e+01 9.250207100000000082e+01
4.496901884900000005e+04 -6.100100935875275172e+04 1.204295953431198996e+00 9.250206900000000587e+01
4.497899690299999929e+04 -6.084100936143637955e+04 -9.445264503436874293e+00 9.250178599999999562e+01
4.499390162299999793e+04 -6.060200933598039410e+04 -1.379272300363214185e+02 5.193510700000000213e+01
4.499396398600000248e+04 -6.060100933339137555e+04 -1.260759917225371680e+02 5.193510299999999802e+01
4.499402634799999942e+04 -6.060000934683767264e+04 -5.892875443024871629e+01 5.193509999999999849e+01
4.502090473400000337e+04 -6.016900930535971565e+04 -3.050207129547717955e+01 1.249169200000000046e+01
4.502190253900000243e+04 -6.015300931204216613e+04 -3.182632607523289181e+01 1.249148500000000084e+01
4.502483359300000302e+04 -6.010600930260803580e+04 -4.160233307698821648e+01 5.193355799999999789e+01
4.573196586499999830e+04 -4.876700856936626224e+04 -9.525343902694650922e+00 2.260580699999999865e+01
4.576383327699999791e+04 -4.825600854526537296e+04 -1.628064615575307528e+01 3.602279999999999927e+00
4.585488302799999656e+04 -4.679600843746308965e+04 -7.397938639287593787e+01 9.247982299999999611e+01
4.605494302700000117e+04 -4.358800822989596054e+04 -1.139430422008655626e+02 9.247561000000000320e+01
4.608693516500000260e+04 -4.307500820061715058e+04 -9.753465042792569761e+00 5.644481999999999999e+00
4.608699752799999987e+04 -4.307400819802824844e+04 -1.431836888041049605e+01 5.644461999999999868e+00
4.856055731699999887e+04 -3.410005617774706479e+03 1.141496864555354307e+01 3.460517999999999983e+00
4.877321461000000272e+04 -5.400366624294944927e-03 1.237401848027944951e+01 2.592000000000000082e+00
4.877421241500000178e+04 1.599459295092259126e+01 1.536201071308475719e+01 2.592000000000000082e+00
4.913791251400000328e+04 5.847994987413404488e+03 9.660126171124712613e+00 2.609668999999999794e+00
4.914396170900000288e+04 5.944994981978096803e+03 1.005823383478902144e+01 2.610257999999999967e+00
4.914402407200000016e+04 5.945994984566998937e+03 -5.550637789874208750e-01 2.610263999999999918e+00
4.914408643499999744e+04 5.946994987155901072e+03 1.215963659918274331e+01 2.610269999999999868e+00
4.914495951500000228e+04 5.960994991330840094e+03 1.909346103826577945e+01 2.610355999999999899e+00
4.914502187799999956e+04 5.961994993919742228e+03 1.366416229563535367e+01 2.610361999999999849e+00
4.914508423999999650e+04 5.962994980473447868e+03 -1.269135459895000650e+00 2.610367999999999800e+00
4.914514660300000105e+04 5.963994983062467327e+03 1.662956578136796537e+01 2.610374000000000194e+00
5.187077700200000254e+04 4.966999782945398329e+04 -3.217027155745638822e+01 3.653564999999999952e+00
5.187090172799999709e+04 4.967199783463178755e+04 -3.006957206019994189e+01 3.653637999999999941e+00
5.228467918800000189e+04 5.630699825551344838e+04 -4.272923820676422224e+01 7.503068999999999988e+00
5.228474155099999916e+04 5.630799825810235052e+04 -3.865494140432070225e+01 6.715571999999999875e+00
5.491483207499999844e+04 9.848200100270971598e+04 -1.593877548805183153e+01 8.593014999999999404e+00
5.491489443800000299e+04 9.848300100529873453e+04 -1.445681833645472736e+01 8.593045999999999296e+00
5.491682768599999690e+04 9.851400100537999242e+04 -1.258017059589868225e+01 7.915769000000000055e+00
5.491969637700000021e+04 9.856000101222522790e+04 -1.439419076247035534e+01 7.917308000000000234e+00
5.492075654499999655e+04 9.857700100813167228e+04 -1.339294293800815083e+01 7.917876999999999832e+00
5.492262743000000046e+04 9.860700100562415901e+04 -1.299827380983458269e+01 7.918880999999999837e+00
5.492268979299999774e+04 9.860800100821306114e+04 -1.410831766490853667e+01 8.596897000000000233e+00
5.492275215600000229e+04 9.860900101080207969e+04 -1.521836252803592515e+01 8.596928000000000125e+00
5.492281451899999956e+04 9.861000101339098183e+04 -1.546440739921666108e+01 8.596959000000000017e+00
5.493778160100000241e+04 9.885000102540079388e+04 -1.403532311497616192e+01 7.927018000000000342e+00
5.493784396399999969e+04 9.885100102798969601e+04 -1.341736892701887740e+01 8.604392999999999958e+00
5.493871704399999726e+04 9.886500103216452408e+04 -1.254202012692181967e+01 7.927520999999999596e+00
5.493877940600000147e+04 9.886600101871833613e+04 -1.624406705261449346e+01 8.604857000000000866e+00
5.494065029199999844e+04 9.889600103224589839e+04 -1.498546775411785603e+01 7.290926999999999936e+00
5.494071265500000300e+04 9.889700103483491694e+04 -1.523151393661562381e+01 8.605814000000000519e+00
5.494077501699999993e+04 9.889800102138862712e+04 -1.461356112001192997e+01 7.291000000000000369e+00
5.494083737999999721e+04 9.889900102397752926e+04 -1.140360831861629620e+01 7.928659999999999819e+00
5.494177282299999933e+04 9.891400103074137587e+04 -1.423031124977517337e+01 8.606339000000000183e+00
5.494183518599999661e+04 9.891500103333027801e+04 -1.447635857723350838e+01 7.291618999999999851e+00
5.494264590299999691e+04 9.892800103491618938e+04 -1.508296955273334206e+01 8.606771000000000171e+00
5.494277062799999840e+04 9.893000102405891812e+04 -1.471106343403893035e+01 8.606832999999999956e+00
5.494283299100000295e+04 9.893100102664793667e+04 -1.409311089035116282e+01 8.606863999999999848e+00
5.494289535400000022e+04 9.893200102923683880e+04 -1.347515835471674350e+01 7.292239000000000360e+00
5.494370607100000052e+04 9.894500103082276473e+04 -1.408177111000621906e+01 8.607295999999999836e+00
5.494376843399999780e+04 9.894600103341166687e+04 -1.519181868711899952e+01 8.607326999999999728e+00
5.494383079700000235e+04 9.894700103600068542e+04 -1.543786527228521521e+01 7.930270000000000152e+00
5.497064681900000141e+04 9.937700105885442463e+04 -1.583091867035239630e+01 6.723277000000000392e+00
5.497070918199999869e+04 9.937800106144332676e+04 -1.434896872652067046e+01 6.723316999999999766e+00
5.499365870800000266e+04 9.974600108413440466e+04 -1.504017176805763611e+01 7.957123000000000168e+00
5.499864773499999865e+04 9.982600108279254346e+04 -1.312449035112135576e+01 7.959819000000000422e+00
5.500563237400000071e+04 9.993800110015626706e+04 -1.476262356575053403e+01 7.329011000000000386e+00
5.513597071500000311e+04 1.020280012354754435e+05 -1.236359955513152542e+01 8.034501999999999811e+00
5.515692463000000134e+04 1.023640012554961140e+05 -1.210025869539997956e+01 8.045979000000000880e+00
5.515698699299999862e+04 1.023650012580850162e+05 -1.407433280698209899e+01 8.046013000000000304e+00
5.515792243500000041e+04 1.023800012488136563e+05 -1.171745642430750323e+01 7.419037999999999577e+00
5.515898260399999708e+04 1.023970012607553072e+05 -1.244472959176680149e+01 8.047107000000000454e+00
5.516091585199999827e+04 1.024280012608366960e+05 -1.316105899618333908e+01 8.048166999999999405e+00
5.516097821500000282e+04 1.024290012634257146e+05 -1.340713362318113866e+01 8.048201999999999856e+00
5.516191365699999733e+04 1.024440012541542383e+05 -1.364226397171630722e+01 8.048714999999999620e+00
5.516197602000000188e+04 1.024450012567432568e+05 -1.216033972756794768e+01 7.421448999999999963e+00
5.516291146299999673e+04 1.024600012635069870e+05 -1.153147101651936879e+01 7.422005999999999659e+00
5.520594182400000136e+04 1.031500013020439219e+05 -1.198149695461367159e+01 8.738953999999999667e+00
5.520600418699999864e+04 1.031510013046328240e+05 -1.222757839614392950e+01 8.738986000000000587e+00
5.520693963000000076e+04 1.031660013113966706e+05 -1.073479597009321651e+01 8.739461999999999620e+00
5.520700199299999804e+04 1.031670013139855728e+05 -8.388876540477472332e+00 8.073494000000000170e+00
5.520887287800000195e+04 1.031970013114780595e+05 -1.058731635828192097e+01 8.074524000000000257e+00
5.520987068300000101e+04 1.032130013047956018e+05 -1.020462142217177970e+01 8.740952999999999307e+00
5.520993304599999828e+04 1.032140013073845039e+05 -1.304270237106429420e+01 8.075108000000000175e+00
5.520999540900000284e+04 1.032150013099735224e+05 -1.156078432801027134e+01 8.741016000000000119e+00
5.521298882500000036e+04 1.032630013059613557e+05 -1.127670967045332873e+01 8.076791000000000054e+00
5.524491860099999758e+04 1.037750013486863463e+05 -1.112774255911657306e+01 8.758817000000000519e+00
5.524498096400000213e+04 1.037760013512753649e+05 -1.050982903400272050e+01 8.094442000000000803e+00
5.524697657500000059e+04 1.038080013539456559e+05 -1.147258844360322527e+01 8.095544999999999547e+00
5.538966275799999858e+04 1.060960014887499419e+05 -9.483295434734074547e+00 8.174868999999999275e+00
5.667034609400000045e+04 1.266320028296060627e+05 9.082343361168604190e+00 8.364679999999999893e+00
5.671736767700000200e+04 1.273860028734835942e+05 8.288334183581518744e+00 8.395390000000000796e+00
5.674829964699999982e+04 1.278820029068558360e+05 1.227832039825602806e+01 9.577303000000000566e+00
5.710033789399999660e+04 1.335270032822059002e+05 1.725798614961748001e+01 8.648034000000000887e+00
5.710114861099999689e+04 1.335400032837917970e+05 1.923975052126183982e+01 8.160047000000000494e+00
5.774828782800000045e+04 1.439170039477815735e+05 2.617114007602286563e+01 9.604150999999999883e+00
5.774835019099999772e+04 1.439180039503704756e+05 2.419673132279012862e+01 9.604191000000000145e+00
5.780223168699999951e+04 1.447820040064338245e+05 2.643200791798139448e+01 9.121753000000000000e+00
5.780241877599999862e+04 1.447850040142006474e+05 2.742075873562980348e+01 9.121881000000000128e+00
5.782935952399999951e+04 1.452170040422322927e+05 2.724013167378693367e+01 8.679512000000000782e+00
5.814042538300000160e+04 1.502050043682696414e+05 2.660570343823572159e+01 9.859505999999999659e+00
5.820023134900000150e+04 1.511640044297549466e+05 2.698283541183381828e+01 9.395856000000000208e+00
5.854241626600000018e+04 1.566510047808961535e+05 2.578906026270753671e+01 8.825594999999999857e+00
5.858008342299999640e+04 1.572550048212762922e+05 2.377438096666084277e+01 9.226001999999999370e+00
5.885129942599999777e+04 1.616040051125314785e+05 2.468464551681813646e+01 9.425803000000000154e+00
5.887025772999999754e+04 1.619080051298818726e+05 2.230851861899800781e+01 9.439812999999999121e+00
5.887038245499999903e+04 1.619100051190246013e+05 2.440740934343999413e+01 9.865254999999999441e+00
5.887119317199999932e+04 1.619230051206104981e+05 2.033820319829884227e+01 9.077700999999999354e+00
5.887125553499999660e+04 1.619240051231994003e+05 2.700364843610013565e+01 9.440549999999999997e+00
5.887331350899999961e+04 1.619570051284587244e+05 2.491534884208053313e+01 9.867328000000000543e+00
5.887343823500000144e+04 1.619590051336366450e+05 2.528623976200047707e+01 9.442164000000000001e+00
5.888017342199999985e+04 1.620670051406445273e+05 2.630628686085179879e+01 9.447141999999999484e+00
5.890929686899999797e+04 1.625340051630781090e+05 2.175596418123048181e+01 9.892792000000000030e+00
5.892613483699999779e+04 1.628040051886154688e+05 2.084865501151864464e+01 9.119949000000000083e+00
5.893112386400000105e+04 1.628840051872737240e+05 2.272371018587097069e+01 9.484828000000000259e+00
