4.421455317900000227e+04 -7.309899712475665729e+04 -1.599761012353566159e+00 7.882620000000000182e+00
4.421461554199999955e+04 -7.309799712228677527e+04 -9.828152762694291056e-01 7.882595000000000240e+00
4.421467790399999649e+04 -7.309699713585207064e+04 -1.229868500987737256e+00 7.882570000000000299e+00
4.496802104300000065e+04 -6.101699778200402943e+04 1.528904149273375879e+02 9.250209700000000623e+01
4.496895648600000277e+04 -6.100199777702544088e+04 3.082017084914702920e+01 9.250207100000000082e+01
4.496901884900000005e+04 -6.100099777455555886e+04 4.266935442595738692e+01 9.250206900000000587e+01
4.497899690299999929e+04 -6.084099779628184478e+04 3.169108284960435284e+01 9.250178599999999562e+01
4.499390162299999793e+04 -6.060199779927083000e+04 -9.728040595750404407e+01 5.193510700000000213e+01
4.499396398600000248e+04 -6.060099779680082429e+04 -8.543121210768438800e+01 5.193510299999999802e+01
4.499402634799999942e+04 -6.059999781036613422e+04 -1.828601921523967633e+01 5.193509999999999849e+01
4.502090473400000337e+04 -6.016899782018434053e+04 9.262439886599324268e+00 1.249169200000000046e+01
4.502190253900000243e+04 -6.015299782877105463e+04 7.905695434349333084e+00 1.249148500000000084e+01
4.502483359300000302e+04 -6.010599782493070961e+04 -1.965703301161862981e+00 5.193355799999999789e+01
4.573196586499999830e+04 -4.876699844121826754e+04 9.250656755988011071e+00 2.260580699999999865e+01
4.576383327699999791e+04 -4.825599847793486697e+04 1.661495345033948468e+00 3.602279999999999927e+00
4.585488302799999656e+04 -4.679599854389683605e+04 -5.836663918206266999e+01 9.247982299999999611e+01
4.605494302700000117e+04 -4.358799871813498612e+04 -1.031677798304044131e+02 9.247561000000000320e+01
4.608693516500000260e+04 -4.307499874991169781e+04 2.845903501224142929e-01 5.644481999999999999e+00
4.608699752799999987e+04 -4.307399874744181579e+04 -4.281740641724873342e+00 5.644461999999999868e+00
4.856055731699999887e+04 -3.410000887863075150e+03 -2.549980270407679939e+00 3.460517999999999983e+00
4.877321461000000272e+04 -1.076301631487675513e-03 -5.434513096323172476e-01 2.592000000000000082e+00
4.877421241500000178e+04 1.599891511165056279e+01 2.450558178675144916e+00 2.592000000000000082e+00
4.913791251400000328e+04 5.847998615469263314e+03 -3.986977703579626109e-01 2.609668999999999794e+00
4.914396170900000288e+04 5.944998598489345568e+03 5.763073251762307336e-02 2.610257999999999967e+00
4.914402407200000016e+04 5.945998600959231226e+03 -1.055506489360666933e+01 2.610263999999999918e+00
4.914408643499999744e+04 5.946998603429116883e+03 2.160237508339371004e+00 2.610269999999999868e+00
4.914495951500000228e+04 5.960998605937822504e+03 9.102494053481827052e+00 2.610355999999999899e+00
4.914502187799999956e+04 5.961998608407707252e+03 3.673797876385094696e+00 2.610361999999999849e+00
4.914508423999999650e+04 5.962998594842398234e+03 -1.125889728716279592e+01 2.610367999999999800e+00
4.914514660300000105e+04 5.963998597312400307e+03 6.640406591855835927e+00 2.610374000000000194e+00
5.187077700200000254e+04 4.966999624196397781e+04 -6.403955222052282181e-02 3.653564999999999952e+00
5.187090172799999709e+04 4.967199624690374185e+04 2.038125319059414409e+00 3.653637999999999941e+00
5.228467918800000189e+04 5.630699587811020319e+04 -6.715126970933546602e+00 7.503068999999999988e+00
5.228474155099999916e+04 5.630799588058008521e+04 -2.640394509231363429e+00 6.715571999999999875e+00
5.491483207499999844e+04 9.848199360578095366e+04 -2.677899714114495566e-01 8.593014999999999404e+00
5.491489443800000299e+04 9.848299360825095209e+04 1.213096666847370386e+00 8.593045999999999296e+00
5.491682768599999690e+04 9.851399360464271740e+04 3.056554733192225370e+00 7.915769000000000055e+00
5.491969637700000021e+04 9.855999360601317312e+04 1.193271695376370900e+00 7.917308000000000234e+00
5.492075654499999655e+04 9.857699359989634831e+04 2.176309573208961012e+00 7.917876999999999832e+00
5.492262743000000046e+04 9.860699359381833347e+04 2.538838115970438736e+00 7.918880999999999837e+00
5.492268979299999774e+04 9.860799359628821549e+04 1.427722787238753455e+00 8.596897000000000233e+00
5.492275215600000229e+04 9.860899359875821392e+04 3.166064428588803992e-01 8.596928000000000125e+00
5.492281451899999956e+04 9.860999360122811049e+04 6.949008283299207278e-02 8.596959000000000017e+00
5.493778160100000241e+04 9.884999358467392449e+04 1.241201351650921936e+00 7.927018000000000342e+00
5.493784396399999969e+04 9.885099358714380651e+04 1.858082261409126801e+00 8.604392999999999958e+00
5.493871704399999726e+04 9.886499358965239662e+04 2.718404439850452547e+00 7.927520999999999596e+00
5.493877940600000147e+04 9.886599357608720311e+04 -9.847158555300481453e-01 8.604857000000000866e+00
5.494065029199999844e+04 9.889599358604427835e+04 2.416785465434472258e-01 7.290926999999999936e+00
5.494071265500000300e+04 9.889699358851427678e+04 -5.441246510901720512e-03 8.605814000000000519e+00
5.494077501699999993e+04 9.889799357494896685e+04 6.114379695598870512e-01 7.291000000000000369e+00
5.494083737999999721e+04 9.889899357741884887e+04 3.820317146015451470e+00 7.928659999999999819e+00
5.494177282299999933e+04 9.891399358239743742e+04 9.775090131948793726e-01 8.606339000000000183e+00
5.494183518599999661e+04 9.891499358486733399e+04 7.303879459269708718e-01 7.291618999999999851e+00
5.494264590299999691e+04 9.892799358490602754e+04 1.098177355950120671e-01 8.606771000000000171e+00
5.494277062799999840e+04 9.892999357381073060e+04 4.795761843021004722e-01 8.606832999999999956e+00
5.494283299100000295e+04 9.893099357628072903e+04 1.096454873665553720e+00 8.606863999999999848e+00
5.494289535400000022e+04 9.893199357875061105e+04 1.713333547830426795e+00 7.292239000000000360e+00
5.494370607100000052e+04 9.894499357878931914e+04 1.092759978282675348e+00 8.607295999999999836e+00
5.494376843399999780e+04 9.894599358125920116e+04 -1.836156018848811300e-02 8.607326999999999728e+00
5.494383079700000235e+04 9.894699358372919960e+04 -2.654821138382175150e-01 7.930270000000000152e+00
5.497064681900000141e+04 9.937699355540580291e+04 -1.120982513107477985e+00 6.723277000000000392e+00
5.497070918199999869e+04 9.937799355787568493e+04 3.598905203443401035e-01 6.723316999999999766e+00
5.499365870800000266e+04 9.974599353676865576e+04 -7.280463268457744164e-01 7.957123000000000168e+00
5.499864773499999865e+04 9.982599352590546187e+04 1.101278333100310647e+00 7.959819000000000422e+00
5.500563237400000071e+04 9.993799352993932553e+04 -6.578177865732293128e-01 7.329011000000000386e+00
5.513597071500000311e+04 1.020279934165137820e+05 -5.272550437327829798e-01 8.034501999999999811e+00
5.515692463000000134e+04 1.023639933965448872e+05 -6.301290441676385967e-01 8.045979000000000880e+00
5.515698699299999862e+04 1.023649933990147692e+05 -2.605293534008655598e+00 8.046013000000000304e+00
5.515792243500000041e+04 1.023799933879581658e+05 -2.647730750943075861e-01 7.419037999999999577e+00
5.515898260399999708e+04 1.023969933978765330e+05 -1.010583662029425511e+00 8.047107000000000454e+00
5.516091585199999827e+04 1.024279933942684002e+05 -1.760718415915221158e+00 8.048166999999999405e+00
5.516097821500000282e+04 1.024289933967383986e+05 -2.007883580182340921e+00 8.048201999999999856e+00
5.516191365699999733e+04 1.024439933856816788e+05 -2.259372227641776476e+00 8.048714999999999620e+00
5.516197602000000188e+04 1.024449933881516772e+05 -7.785385596829641486e-01 7.421448999999999963e+00
5.516291146299999673e+04 1.024599933931301639e+05 -1.660287463482887915e-01 7.422005999999999659e+00
5.520594182400000136e+04 1.031499933495456353e+05 -1.369076991928235287e+00 8.738953999999999667e+00
5.520600418699999864e+04 1.031509933520155173e+05 -1.616250397067769740e+00 8.738986000000000587e+00
5.520693963000000076e+04 1.031659933569941204e+05 -1.398475705918897916e-01 8.739461999999999620e+00
5.520700199299999804e+04 1.031669933594640024e+05 2.204979871412430015e+00 8.073494000000000170e+00
5.520887287800000195e+04 1.031969933533859876e+05 -2.622017392872422192e-02 8.074524000000000257e+00
5.520987068300000101e+04 1.032129933447992662e+05 3.390021105720073535e-01 8.740952999999999307e+00
5.520993304599999828e+04 1.032139933472691482e+05 -2.500170894541582811e+00 8.075108000000000175e+00
5.520999540900000284e+04 1.032149933497391612e+05 -1.019344909138105493e+00 8.741016000000000119e+00
5.521298882500000036e+04 1.032629933400142036e+05 -7.876905341263409355e-01 8.076791000000000054e+00
5.524491860099999758e+04 1.037749933218026708e+05 -1.198040775298988336e+00 8.758817000000000519e+00
5.524498096400000213e+04 1.037759933242726838e+05 -5.812199083938196509e-01 8.094442000000000803e+00
5.524697657500000059e+04 1.038079933231344330e+05 -1.578944662819854017e+00 8.095544999999999547e+00
5.538966275799999858e+04 1.060959931856287149e+05 -2.088963736284846107e+00 8.174868999999999275e+00
5.667034609400000045e+04 1.266319920823597495e+05 -3.919184242958856146e+00 8.364679999999999893e+00
5.671736767700000200e+04 1.273859920364987483e+05 -5.331499525363703640e+00 8.395390000000000796e+00
5.674829964699999982e+04 1.278819920108387596e+05 -1.741337932816762191e+00 9.577303000000000566e+00
5.710033789399999660e+04 1.335269917143400526e+05 -8.977655027033222268e-01 8.648034000000000887e+00
5.710114861099999689e+04 1.335399917143787607e+05 1.075403417909768677e+00 8.160047000000000494e+00
5.774828782800000045e+04 1.439169911433331727e+05 2.683237812175661929e+00 9.604150999999999883e+00
5.774835019099999772e+04 1.439179911458030692e+05 7.084739519765861360e-01 9.604191000000000145e+00
5.780223168699999951e+04 1.447819910990360368e+05 2.649032159926079544e+00 9.121753000000000000e+00
5.780241877599999862e+04 1.447849911064458138e+05 3.636801916102285759e+00 9.121881000000000128e+00
5.782935952399999951e+04 1.452169910830622830e+05 3.317975677046590022e+00 8.679512000000000782e+00
5.814042538300000160e+04 1.502049908154447912e+05 1.541247685293186009e+00 9.859505999999999659e+00
5.820023134900000150e+04 1.511639907627931680e+05 1.797091221920041448e+00 9.395856000000000208e+00
5.854241626600000018e+04 1.566509904608902289e+05 5.469708471656673510e-01 8.825594999999999857e+00
5.858008342299999640e+04 1.572549904293843429e+05 -1.405935944599690401e+00 9.226001999999999370e+00
5.885129942599999777e+04 1.616039902030362864e+05 3.604014785712763569e-01 9.425803000000000154e+00
5.887025772999999754e+04 1.619079901842056133e+05 -1.928469056215604382e+00 9.439812999999999121e+00
5.887038245499999903e+04 1.619099901731103309e+05 1.710077319135905327e-01 9.865254999999999441e+00
5.887119317199999932e+04 1.619229901731490099e+05 -3.894385147640264222e+00 9.077700999999999354e+00
5.887125553499999660e+04 1.619239901756189065e+05 2.771353694027538950e+00 9.440549999999999997e+00
5.887331350899999961e+04 1.619569901769506687e+05 6.927650476358166998e-01 9.867328000000000543e+00
5.887343823500000144e+04 1.619589901818905491e+05 1.064245886664664908e+00 9.442164000000000001e+00
5.888017342199999985e+04 1.620669901760446373e+05 2.116382047129789612e+00 9.447141999999999484e+00
5.890929686899999797e+04 1.625339901428974699e+05 -2.289899295235272803e+00 9.892792000000000030e+00
5.892613483699999779e+04 1.628039901363003592e+05 -3.110004253519434769e+00 9.119949000000000083e+00
5.893112386400000105e+04 1.628839901254372671e+05 -1.208557303335041411e+00 9.484828000000000259e+00
