300 30000.00 48773.2146771212 0.0623628460 -301032 -90.76032
301 30100.00 48773.2146771212 0.0623628460 -299429 -88.21150
302 30200.00 48773.2146771212 0.0623628460 -297825 -85.64734
303 30300.00 48773.2146771212 0.0623628460 -296221 -83.07273
304 30400.00 48773.2146771212 0.0623628460 -294618 -80.49239
305 30500.00 48773.2146771212 0.0623628460 -293014 -77.91088
306 30600.00 48773.2146771212 0.0623628460 -291411 -75.33257
307 30700.00 48773.2146771212 0.0623628460 -289807 -72.76168
308 30800.00 48773.2146771212 0.0623628460 -288204 -70.20228
309 30900.00 48773.2146771212 0.0623628460 -286600 -67.65827
310 31000.00 48773.2146771212 0.0623628460 -284997 -65.13342
311 31100.00 48773.2146771212 0.0623628460 -283393 -62.63131
312 31200.00 48773.2146771212 0.0623628460 -281790 -60.15544
313 31300.00 48773.2146771212 0.0623628460 -280186 -57.70914
314 31400.00 48773.2146771212 0.0623628460 -278583 -55.29560
315 31500.00 48773.2146771212 0.0623628460 -276979 -52.91792
316 31600.00 48773.2146771212 0.0623628460 -275376 -50.57905
317 31700.00 48773.2146771212 0.0623628460 -273772 -48.28185
318 31800.00 48773.2146771212 0.0623628460 -272169 -46.02905
319 31900.00 48773.2146771212 0.0623628460 -270565 -43.82329
320 32000.00 48773.2146771212 0.0623628460 -268962 -41.66710
321 32100.00 48773.2146771212 0.0623628460 -267358 -39.56293
322 32200.00 48773.2146771212 0.0623628460 -265755 -37.51312
323 32300.00 48773.2146771212 0.0623628460 -264151 -35.51992
324 32400.00 48773.2146771212 0.0623628460 -262548 -33.58552
325 32500.00 48773.2146771212 0.0623628460 -260944 -31.71201
326 32600.00 48773.2146771212 0.0623628460 -259341 -29.90139
327 32700.00 48773.2146771212 0.0623628460 -257737 -28.15562
328 32800.00 48773.2146771212 0.0623628460 -256134 -26.47655
329 32900.00 48773.2146771212 0.0623628460 -254530 -24.86599
330 33000.00 48773.2146771212 0.0623628460 -252926 -23.32565
331 33100.00 48773.2146771212 0.0623628460 -251323 -21.85722
332 33200.00 48773.2146771212 0.0623628460 -249719 -20.46226
333 33300.00 48773.2146771212 0.0623628460 -248116 -19.14233
334 33400.00 48773.2146771212 0.0623628460 -246512 -17.89888
335 33500.00 48773.2146771212 0.0623628460 -244909 -16.73331
336 33600.00 48773.2146771212 0.0623628460 -243305 -15.64698
337 33700.00 48773.2146771212 0.0623628460 -241702 -14.64114
338 33800.00 48773.2146771212 0.0623628460 -240098 -13.71703
339 33900.00 48773.2146771212 0.0623628460 -238495 -12.87577
340 34000.00 48773.2146771212 0.0623628460 -236891 -12.11846
341 34100.00 48773.2146771212 0.0623628460 -235288 -11.44610
342 34200.00 48773.2146771212 0.0623628460 -233684 -10.85965
343 34300.00 48773.2146771212 0.0623628460 -232081 -10.35996
344 34400.00 48773.2146771212 0.0623628460 -230477 -9.94784
345 34500.00 48773.2146771212 0.0623628460 -228874 -9.62399
346 34600.00 48773.2146771212 0.0623628460 -227270 -9.38906
347 34700.00 48773.2146771212 0.0623628460 -225667 -9.24357
348 34800.00 48773.2146771212 0.0623628460 -224063 -9.18799
349 34900.00 48773.2146771212 0.0623628460 -222460 -9.22266
350 35000.00 48773.2146771212 0.0623628460 -220856 -9.34783
351 35100.00 48773.2146771212 0.0623628460 -219253 -9.56364
352 35200.00 48773.2146771212 0.0623628460 -217649 -9.87010
353 35300.00 48773.2146771212 0.0623628460 -216046 -10.26709
354 35400.00 48773.2146771212 0.0623628460 -214442 -10.75436
355 35500.00 48773.2146771212 0.0623628460 -212839 -11.33152
356 35600.00 48773.2146771212 0.0623628460 -211235 -11.99801
357 35700.00 48773.2146771212 0.0623628460 -209631 -12.75310
358 35800.00 48773.2146771212 0.0623628460 -208028 -13.59589
359 35900.00 48773.2146771212 0.0623628460 -206424 -14.52527
360 36000.00 48773.2146771212 0.0623628460 -204821 -15.53993
361 36100.00 48773.2146771212 0.0623628460 -203217 -16.63834
362 36200.00 48773.2146771212 0.0623628460 -201614 -17.81873
363 36300.00 48773.2146771212 0.0623628460 -200010 -19.07906
364 36400.00 48773.2146771212 0.0623628460 -198407 -20.41705
365 36500.00 48773.2146771212 0.0623628460 -196803 -21.83009
366 36600.00 48773.2146771212 0.0623628460 -195200 -23.31531
367 36700.00 48773.2146771212 0.0623628460 -193596 -24.86948
368 36800.00 48773.2146771212 0.0623628460 -191993 -26.48906
369 36900.00 48773.2146771212 0.0623628460 -190389 -28.17014
370 37000.00 48773.2146771212 0.0623628460 -188786 -29.90844
371 37100.00 48773.2146771212 0.0623628460 -187182 -31.69929
372 37200.00 48773.2146771212 0.0623628460 -185579 -33.53763
373 37300.00 48773.2146771212 0.0623628460 -183975 -35.41800
374 37400.00 48773.2146771212 0.0623628460 -182372 -37.33451
375 37500.00 48773.2146771212 0.0623628460 -180768 -39.28085
376 37600.00 48773.2146771212 0.0623628460 -179165 -41.25032
377 37700.00 48773.2146771212 0.0623628460 -177561 -43.23578
378 37800.00 48773.2146771212 0.0623628460 -175958 -45.22970
379 37900.00 48773.2146771212 0.0623628460 -174354 -47.22417
380 38000.00 48773.2146771212 0.0623628460 -172751 -49.21093
381 38100.00 48773.2146771212 0.0623628460 -171147 -51.18139
382 38200.00 48773.2146771212 0.0623628460 -169543 -53.12668
383 38300.00 48773.2146771212 0.0623628460 -167940 -55.03769
384 38400.00 48773.2146771212 0.0623628460 -166336 -56.90515
385 38500.00 48773.2146771212 0.0623628460 -164733 -58.71967
386 38600.00 48773.2146771212 0.0623628460 -163129 -60.47183
387 38700.00 48773.2146771212 0.0623628460 -161526 -62.15227
388 38800.00 48773.2146771212 0.0623628460 -159922 -63.75172
389 38900.00 48773.2146771212 0.0623628460 -158319 -65.26118
390 39000.00 48773.2146771212 0.0623628460 -156715 -66.67193
391 39100.00 48773.2146771212 0.0623628460 -155112 -67.97567
392 39200.00 48773.2146771212 0.0623628460 -153508 -69.16459
393 39300.00 48773.2146771212 0.0623628460 -151905 -70.23146
394 39400.00 48773.2146771212 0.0623628460 -150301 -71.16971
395 39500.00 48773.2146771212 0.0623628460 -148698 -71.97351
396 39600.00 48773.2146771212 0.0623628460 -147094 -72.63779
397 39700.00 48773.2146771212 0.0623628460 -145491 -73.15834
398 39800.00 48773.2146771212 0.0623628460 -143887 -73.53180
399 39900.00 48773.2146771212 0.0623628460 -142284 -73.75571
400 40000.00 48773.2146771212 0.0623628460 -140680 -73.82849
401 40100.00 48773.2146771212 0.0623628460 -139077 -73.74946
402 40200.00 48773.2146771212 0.0623628460 -137473 -73.51877
403 40300.00 48773.2146771212 0.0623628460 -135870 -73.13742
404 40400.00 48773.2146771212 0.0623628460 -134266 -72.60720
405 40500.00 48773.2146771212 0.0623628460 -132663 -71.93062
406 40600.00 48773.2146771212 0.0623628460 -131059 -71.11087
407 40700.00 48773.2146771212 0.0623628460 -129456 -70.15173
408 40800.00 48773.2146771212 0.0623628460 -127852 -69.05756
409 40900.00 48773.2146771212 0.0623628460 -126248 -67.83317
410 41000.00 48773.2146771212 0.0623628460 -124645 -66.48379
411 41100.00 48773.2146771212 0.0623628460 -123041 -65.01498
412 41200.00 48773.2146771212 0.0623628460 -121438 -63.43258
413 41300.00 48773.2146771212 0.0623628460 -119834 -61.74267
414 41400.00 48773.2146771212 0.0623628460 -118231 -59.95146
415 41500.00 48773.2146771212 0.0623628460 -116627 -58.06530
416 41600.00 48773.2146771212 0.0623628460 -115024 -56.09059
417 41700.00 48773.2146771212 0.0623628460 -113420 -54.03375
418 41800.00 48773.2146771212 0.0623628460 -111817 -51.90119
419 41900.00 48773.2146771212 0.0623628460 -110213 -49.69928
420 42000.00 48773.2146771212 0.0623628460 -108610 -47.43429
421 42100.00 48773.2146771212 0.0623628460 -107006 -45.11243
422 42200.00 48773.2146771212 0.0623628460 -105403 -42.73977
423 42300.00 48773.2146771212 0.0623628460 -103799 -40.32224
424 42400.00 48773.2146771212 0.0623628460 -102196 -37.86564
425 42500.00 48773.2146771212 0.0623628460 -100592 -35.37562
426 42600.00 48773.2146771212 0.0623628460 -98989 -32.85763
427 42700.00 48773.2146771212 0.0623628460 -97385 -30.31701
428 42800.00 48773.2146771212 0.0623628460 -95782 -27.75887
429 42900.00 48773.2146771212 0.0623628460 -94178 -25.18819
430 43000.00 48773.2146771212 0.0623628460 -92575 -22.60976
431 43100.00 48773.2146771212 0.0623628460 -90971 -20.02821
432 43200.00 48773.2146771212 0.0623628460 -89368 -17.44798
433 43300.00 48773.2146771212 0.0623628460 -87764 -14.87338
434 43400.00 48773.2146771212 0.0623628460 -86161 -12.30852
435 43500.00 48773.2146771212 0.0623628460 -84557 -9.75739
436 43600.00 48773.2146771212 0.0623628460 -82953 -7.22380
437 43700.00 48773.2146771212 0.0623628460 -81350 -4.71142
438 43800.00 48773.2146771212 0.0623628460 -79746 -2.22379
439 43900.00 48773.2146771212 0.0623628460 -78143 0.23571
440 44000.00 48773.2146771212 0.0623628460 -76539 2.66380
441 44100.00 48773.2146771212 0.0623628460 -74936 5.05736
442 44200.00 48773.2146771212 0.0623628460 -73332 7.41337
443 44300.00 48773.2146771212 0.0623628460 -71729 9.72894
444 44400.00 48773.2146771212 0.0623628460 -70125 12.00127
445 44500.00 48773.2146771212 0.0623628460 -68522 14.22769
446 44600.00 48773.2146771212 0.0623628460 -66918 16.40562
447 44700.00 48773.2146771212 0.0623628460 -65315 18.53258
448 44800.00 48773.2146771212 0.0623628460 -63711 20.60618
449 44900.00 48773.2146771212 0.0623628460 -62108 22.62414
450 45000.00 48773.2146771212 0.0623628460 -60504 24.58423
451 45100.00 48773.2146771212 0.0623628460 -58901 26.48433
452 45200.00 48773.2146771212 0.0623628460 -57297 28.32239
453 45300.00 48773.2146771212 0.0623628460 -55694 30.09644
454 45400.00 48773.2146771212 0.0623628460 -54090 31.80458
455 45500.00 48773.2146771212 0.0623628460 -52487 33.44499
456 45600.00 48773.2146771212 0.0623628460 -50883 35.01590
457 45700.00 48773.2146771212 0.0623628460 -49280 36.51563
458 45800.00 48773.2146771212 0.0623628460 -47676 37.94256
459 45900.00 48773.2146771212 0.0623628460 -46073 39.29512
460 46000.00 48773.2146771212 0.0623628460 -44469 40.57182
461 46100.00 48773.2146771212 0.0623628460 -42866 41.77124
462 46200.00 48773.2146771212 0.0623628460 -41262 42.89200
463 46300.00 48773.2146771212 0.0623628460 -39658 43.93281
464 46400.00 48773.2146771212 0.0623628460 -38055 44.89241
465 46500.00 48773.2146771212 0.0623628460 -36451 45.76964
466 46600.00 48773.2146771212 0.0623628460 -34848 46.56338
467 46700.00 48773.2146771212 0.0623628460 -33244 47.27260
468 46800.00 48773.2146771212 0.0623628460 -31641 47.89631
469 46900.00 48773.2146771212 0.0623628460 -30037 48.43363
470 47000.00 48773.2146771212 0.0623628460 -28434 48.88372
471 47100.00 48773.2146771212 0.0623628460 -26830 49.24582
472 47200.00 48773.2146771212 0.0623628460 -25227 49.51928
473 47300.00 48773.2146771212 0.0623628460 -23623 49.70351
474 47400.00 48773.2146771212 0.0623628460 -22020 49.79803
475 47500.00 48773.2146771212 0.0623628460 -20416 49.80242
476 47600.00 48773.2146771212 0.0623628460 -18813 49.71641
477 47700.00 48773.2146771212 0.0623628460 -17209 49.53981
478 47800.00 48773.2146771212 0.0623628460 -15606 49.27256
479 47900.00 48773.2146771212 0.0623628460 -14002 48.91470
480 48000.00 48773.2146771212 0.0623628460 -12399 48.46643
481 48100.00 48773.2146771212 0.0623628460 -10795 47.92809
482 48200.00 48773.2146771212 0.0623628460 -9192 47.30015
483 48300.00 48773.2146771212 0.0623628460 -7588 46.58328
484 48400.00 48773.2146771212 0.0623628460 -5985 45.77829
485 48500.00 48773.2146771212 0.0623628460 -4381 44.88622
486 48600.00 48773.2146771212 0.0623628460 -2778 43.90826
487 48700.00 48773.2146771212 0.0623628460 -1174 42.84587
488 48800.00 48773.2146771212 0.0623628460 430 41.70070
489 48900.00 48773.2146771212 0.0623628460 2033 40.47468
490 49000.00 48773.2146771212 0.0623628460 3637 39.16998
491 49100.00 48773.2146771212 0.0623628460 5240 37.78906
492 49200.00 48773.2146771212 0.0623628460 6844 36.33468
493 49300.00 48773.2146771212 0.0623628460 8447 34.80991
494 49400.00 48773.2146771212 0.0623628460 10051 33.21816
495 49500.00 48773.2146771212 0.0623628460 11654 31.56318
496 49600.00 48773.2146771212 0.0623628460 13258 29.84908
497 49700.00 48773.2146771212 0.0623628460 14861 28.08036
498 49800.00 48773.2146771212 0.0623628460 16465 26.26191
499 49900.00 48773.2146771212 0.0623628460 18068 24.39902
500 50000.00 48773.2146771212 0.0623628460 19672 22.49739
501 50100.00 48773.2146771212 0.0623628460 21275 20.56315
502 50200.00 48773.2146771212 0.0623628460 22879 18.60283
503 50300.00 48773.2146771212 0.0623628460 24482 16.62339
504 50400.00 48773.2146771212 0.0623628460 26086 14.63218
505 50500.00 48773.2146771212 0.0623628460 27689 12.63695
506 50600.00 48773.2146771212 0.0623628460 29293 10.64582
507 50700.00 48773.2146771212 0.0623628460 30896 8.66724
508 50800.00 48773.2146771212 0.0623628460 32500 6.70996
509 50900.00 48773.2146771212 0.0623628460 34103 4.78299
510 51000.00 48773.2146771212 0.0623628460 35707 2.89555
511 51100.00 48773.2146771212 0.0623628460 37310 1.05698
512 51200.00 48773.2146771212 0.0623628460 38914 -0.72331
513 51300.00 48773.2146771212 0.0623628460 40517 -2.43591
514 51400.00 48773.2146771212 0.0623628460 42121 -4.07151
515 51500.00 48773.2146771212 0.0623628460 43725 -5.62098
516 51600.00 48773.2146771212 0.0623628460 45328 -7.07546
517 51700.00 48773.2146771212 0.0623628460 46932 -8.42647
518 51800.00 48773.2146771212 0.0623628460 48535 -9.66597
519 51900.00 48773.2146771212 0.0623628460 50139 -10.78647
520 52000.00 48773.2146771212 0.0623628460 51742 -11.78111
521 52100.00 48773.2146771212 0.0623628460 53346 -12.64373
522 52200.00 48773.2146771212 0.0623628460 54949 -13.36891
523 52300.00 48773.2146771212 0.0623628460 56553 -13.95209
524 52400.00 48773.2146771212 0.0623628460 58156 -14.38952
525 52500.00 48773.2146771212 0.0623628460 59760 -14.67835
526 52600.00 48773.2146771212 0.0623628460 61363 -14.81663
527 52700.00 48773.2146771212 0.0623628460 62967 -14.80328
528 52800.00 48773.2146771212 0.0623628460 64570 -14.63811
529 52900.00 48773.2146771212 0.0623628460 66174 -14.32174
530 53000.00 48773.2146771212 0.0623628460 67777 -13.85564
531 53100.00 48773.2146771212 0.0623628460 69381 -13.24201
532 53200.00 48773.2146771212 0.0623628460 70984 -12.48374
533 53300.00 48773.2146771212 0.0623628460 72588 -11.58439
534 53400.00 48773.2146771212 0.0623628460 74191 -10.54805
535 53500.00 48773.2146771212 0.0623628460 75795 -9.37936
536 53600.00 48773.2146771212 0.0623628460 77398 -8.08337
537 53700.00 48773.2146771212 0.0623628460 79002 -6.66551
538 53800.00 48773.2146771212 0.0623628460 80605 -5.13150
539 53900.00 48773.2146771212 0.0623628460 82209 -3.48733
540 54000.00 48773.2146771212 0.0623628460 83812 -1.73916
541 54100.00 48773.2146771212 0.0623628460 85416 0.10672
542 54200.00 48773.2146771212 0.0623628460 87020 2.04392
543 54300.00 48773.2146771212 0.0623628460 88623 4.06603
544 54400.00 48773.2146771212 0.0623628460 90227 6.16662
545 54500.00 48773.2146771212 0.0623628460 91830 8.33932
546 54600.00 48773.2146771212 0.0623628460 93434 10.57780
547 54700.00 48773.2146771212 0.0623628460 95037 12.87581
548 54800.00 48773.2146771212 0.0623628460 96641 15.22724
549 54900.00 48773.2146771212 0.0623628460 98244 17.62608
550 55000.00 48773.2146771212 0.0623628460 99848 20.06649
551 55100.00 48773.2146771212 0.0623628460 101451 22.54274
552 55200.00 48773.2146771212 0.0623628460 103055 25.04929
553 55300.00 48773.2146771212 0.0623628460 104658 27.58076
554 55400.00 48773.2146771212 0.0623628460 106262 30.13195
555 55500.00 48773.2146771212 0.0623628460 107865 32.69780
556 55600.00 48773.2146771212 0.0623628460 109469 35.27346
557 55700.00 48773.2146771212 0.0623628460 111072 37.85422
558 55800.00 48773.2146771212 0.0623628460 112676 40.43555
559 55900.00 48773.2146771212 0.0623628460 114279 43.01310
560 56000.00 48773.2146771212 0.0623628460 115883 45.58267
561 56100.00 48773.2146771212 0.0623628460 117486 48.14022
562 56200.00 48773.2146771212 0.0623628460 119090 50.68185
563 56300.00 48773.2146771212 0.0623628460 120693 53.20385
564 56400.00 48773.2146771212 0.0623628460 122297 55.70261
565 56500.00 48773.2146771212 0.0623628460 123900 58.17468
566 56600.00 48773.2146771212 0.0623628460 125504 60.61675
567 56700.00 48773.2146771212 0.0623628460 127107 63.02562
568 56800.00 48773.2146771212 0.0623628460 128711 65.39823
569 56900.00 48773.2146771212 0.0623628460 130315 67.73163
570 57000.00 48773.2146771212 0.0623628460 131918 70.02300
571 57100.00 48773.2146771212 0.0623628460 133522 72.26960
572 57200.00 48773.2146771212 0.0623628460 135125 74.46881
573 57300.00 48773.2146771212 0.0623628460 136729 76.61811
574 57400.00 48773.2146771212 0.0623628460 138332 78.71508
575 57500.00 48773.2146771212 0.0623628460 139936 80.75737
576 57600.00 48773.2146771212 0.0623628460 141539 82.74276
577 57700.00 48773.2146771212 0.0623628460 143143 84.66906
578 57800.00 48773.2146771212 0.0623628460 144746 86.53420
579 57900.00 48773.2146771212 0.0623628460 146350 88.33617
580 58000.00 48773.2146771212 0.0623628460 147953 90.07304
581 58100.00 48773.2146771212 0.0623628460 149557 91.74296
582 58200.00 48773.2146771212 0.0623628460 151160 93.34414
583 58300.00 48773.2146771212 0.0623628460 152764 94.87486
584 58400.00 48773.2146771212 0.0623628460 154367 96.33347
585 58500.00 48773.2146771212 0.0623628460 155971 97.71838
586 58600.00 48773.2146771212 0.0623628460 157574 99.02807
587 58700.00 48773.2146771212 0.0623628460 159178 100.26108
588 58800.00 48773.2146771212 0.0623628460 160781 101.41603
589 58900.00 48773.2146771212 0.0623628460 162385 102.49157
590 59000.00 48773.2146771212 0.0623628460 163988 103.48643
591 59100.00 48773.2146771212 0.0623628460 165592 104.39943
592 59200.00 48773.2146771212 0.0623628460 167195 105.22941
593 59300.00 48773.2146771212 0.0623628460 168799 105.97531
594 59400.00 48773.2146771212 0.0623628460 170403 106.63612
595 59500.00 48773.2146771212 0.0623628460 172006 107.21090
596 59600.00 48773.2146771212 0.0623628460 173610 107.69881
597 59700.00 48773.2146771212 0.0623628460 175213 108.09905
598 59800.00 48773.2146771212 0.0623628460 176817 108.41093
599 59900.00 48773.2146771212 0.0623628460 178420 108.63382
600 60000.00 48773.2146771212 0.0623628460 180024 108.76719
601 60100.00 48773.2146771212 0.0623628460 181627 108.81060
602 60200.00 48773.2146771212 0.0623628460 183231 108.76372
603 60300.00 48773.2146771212 0.0623628460 184834 108.62631
604 60400.00 48773.2146771212 0.0623628460 186438 108.39826
605 60500.00 48773.2146771212 0.0623628460 188041 108.07957
606 60600.00 48773.2146771212 0.0623628460 189645 107.67037
607 60700.00 48773.2146771212 0.0623628460 191248 107.17093
608 60800.00 48773.2146771212 0.0623628460 192852 106.58168
609 60900.00 48773.2146771212 0.0623628460 194455 105.90318
610 61000.00 48773.2146771212 0.0623628460 196059 105.13619
611 61100.00 48773.2146771212 0.0623628460 197662 104.28164
612 61200.00 48773.2146771212 0.0623628460 199266 103.34066
613 61300.00 48773.2146771212 0.0623628460 200869 102.31459
614 61400.00 48773.2146771212 0.0623628460 202473 101.20501
615 61500.00 48773.2146771212 0.0623628460 204076 100.01370
616 61600.00 48773.2146771212 0.0623628460 205680 98.74274
617 61700.00 48773.2146771212 0.0623628460 207283 97.39447
618 61800.00 48773.2146771212 0.0623628460 208887 95.97150
619 61900.00 48773.2146771212 0.0623628460 210490 94.47678
620 62000.00 48773.2146771212 0.0623628460 212094 92.91355
621 62100.00 48773.2146771212 0.0623628460 213698 91.28543
622 62200.00 48773.2146771212 0.0623628460 215301 89.59637
623 62300.00 48773.2146771212 0.0623628460 216905 87.85070
624 62400.00 48773.2146771212 0.0623628460 218508 86.05313
625 62500.00 48773.2146771212 0.0623628460 220112 84.20878
626 62600.00 48773.2146771212 0.0623628460 221715 82.32318
627 62700.00 48773.2146771212 0.0623628460 223319 80.40227
628 62800.00 48773.2146771212 0.0623628460 224922 78.45240
629 62900.00 48773.2146771212 0.0623628460 226526 76.48035
630 63000.00 48773.2146771212 0.0623628460 228129 74.49330
631 63100.00 48773.2146771212 0.0623628460 229733 72.49883
632 63200.00 48773.2146771212 0.0623628460 231336 70.50491
633 63300.00 48773.2146771212 0.0623628460 232940 68.51984
634 63400.00 48773.2146771212 0.0623628460 234543 66.55226
635 63500.00 48773.2146771212 0.0623628460 236147 64.61107
636 63600.00 48773.2146771212 0.0623628460 237750 62.70539
637 63700.00 48773.2146771212 0.0623628460 239354 60.84453
638 63800.00 48773.2146771212 0.0623628460 240957 59.03788
639 63900.00 48773.2146771212 0.0623628460 242561 57.29485
640 64000.00 48773.2146771212 0.0623628460 244164 55.62482
641 64100.00 48773.2146771212 0.0623628460 245768 54.03700
642 64200.00 48773.2146771212 0.0623628460 247371 52.54037
643 64300.00 48773.2146771212 0.0623628460 248975 51.14359
644 64400.00 48773.2146771212 0.0623628460 250578 49.85491
645 64500.00 48773.2146771212 0.0623628460 252182 48.68207
646 64600.00 48773.2146771212 0.0623628460 253785 47.63219
647 64700.00 48773.2146771212 0.0623628460 255389 46.71177
648 64800.00 48773.2146771212 0.0623628460 256993 45.92654
649 64900.00 48773.2146771212 0.0623628460 258596 45.28144
650 65000.00 48773.2146771212 0.0623628460 260200 44.78057
651 65100.00 48773.2146771212 0.0623628460 261803 44.42718
652 65200.00 48773.2146771212 0.0623628460 263407 44.22360
653 65300.00 48773.2146771212 0.0623628460 265010 44.17130
654 65400.00 48773.2146771212 0.0623628460 266614 44.27084
655 65500.00 48773.2146771212 0.0623628460 268217 44.52195
656 65600.00 48773.2146771212 0.0623628460 269821 44.92352
657 65700.00 48773.2146771212 0.0623628460 271424 45.47367
658 65800.00 48773.2146771212 0.0623628460 273028 46.16978
659 65900.00 48773.2146771212 0.0623628460 274631 47.00859
660 66000.00 48773.2146771212 0.0623628460 276235 47.98622
661 66100.00 48773.2146771212 0.0623628460 277838 49.09827
662 66200.00 48773.2146771212 0.0623628460 279442 50.33985
663 66300.00 48773.2146771212 0.0623628460 281045 51.70569
664 66400.00 48773.2146771212 0.0623628460 282649 53.19019
665 66500.00 48773.2146771212 0.0623628460 284252 54.78746
666 66600.00 48773.2146771212 0.0623628460 285856 56.49142
667 66700.00 48773.2146771212 0.0623628460 287459 58.29582
668 66800.00 48773.2146771212 0.0623628460 289063 60.19431
669 66900.00 48773.2146771212 0.0623628460 290666 62.18049
670 67000.00 48773.2146771212 0.0623628460 292270 64.24793
671 67100.00 48773.2146771212 0.0623628460 293873 66.39022
672 67200.00 48773.2146771212 0.0623628460 295477 68.60102
673 67300.00 48773.2146771212 0.0623628460 297080 70.87404
674 67400.00 48773.2146771212 0.0623628460 298684 73.20311
675 67500.00 48773.2146771212 0.0623628460 300288 75.58218
676 67600.00 48773.2146771212 0.0623628460 301891 78.00532
677 67700.00 48773.2146771212 0.0623628460 303495 80.46675
678 67800.00 48773.2146771212 0.0623628460 305098 82.96087
679 67900.00 48773.2146771212 0.0623628460 306702 85.48222
680 68000.00 48773.2146771212 0.0623628460 308305 88.02551
681 68100.00 48773.2146771212 0.0623628460 309909 90.58562
682 68200.00 48773.2146771212 0.0623628460 311512 93.15763
683 68300.00 48773.2146771212 0.0623628460 313116 95.73674
684 68400.00 48773.2146771212 0.0623628460 314719 98.31837
685 68500.00 48773.2146771212 0.0623628460 316323 100.89809
686 68600.00 48773.2146771212 0.0623628460 317926 103.47161
687 68700.00 48773.2146771212 0.0623628460 319530 106.03484
688 68800.00 48773.2146771212 0.0623628460 321133 108.58383
689 68900.00 48773.2146771212 0.0623628460 322737 111.11477
690 69000.00 48773.2146771212 0.0623628460 324340 113.62401
691 69100.00 48773.2146771212 0.0623628460 325944 116.10804
692 69200.00 48773.2146771212 0.0623628460 327547 118.56348
693 69300.00 48773.2146771212 0.0623628460 329151 120.98709
694 69400.00 48773.2146771212 0.0623628460 330754 123.37575
695 69500.00 48773.2146771212 0.0623628460 332358 125.72647
696 69600.00 48773.2146771212 0.0623628460 333961 128.03635
697 69700.00 48773.2146771212 0.0623628460 335565 130.30264
698 69800.00 48773.2146771212 0.0623628460 337168 132.52266
699 69900.00 48773.2146771212 0.0623628460 338772 134.69385
