300 30000.00 48773.2149467822 0.0623628385 -301032 499.43791
301 30100.00 48773.2149467822 0.0623628385 -299429 494.99916
302 30200.00 48773.2149467822 0.0623628385 -297825 490.58113
303 30300.00 48773.2149467822 0.0623628385 -296222 486.18380
304 30400.00 48773.2149467822 0.0623628385 -294618 481.80718
305 30500.00 48773.2149467822 0.0623628385 -293014 477.45127
306 30600.00 48773.2149467822 0.0623628385 -291411 473.11606
307 30700.00 48773.2149467822 0.0623628385 -289807 468.80156
308 30800.00 48773.2149467822 0.0623628385 -288204 464.50777
309 30900.00 48773.2149467822 0.0623628385 -286600 460.23469
310 31000.00 48773.2149467822 0.0623628385 -284997 455.98231
311 31100.00 48773.2149467822 0.0623628385 -283393 451.75064
312 31200.00 48773.2149467822 0.0623628385 -281790 447.53968
313 31300.00 48773.2149467822 0.0623628385 -280186 443.34943
314 31400.00 48773.2149467822 0.0623628385 -278583 439.17988
315 31500.00 48773.2149467822 0.0623628385 -276979 435.03104
316 31600.00 48773.2149467822 0.0623628385 -275376 430.90291
317 31700.00 48773.2149467822 0.0623628385 -273772 426.79549
318 31800.00 48773.2149467822 0.0623628385 -272169 422.70877
319 31900.00 48773.2149467822 0.0623628385 -270565 418.64276
320 32000.00 48773.2149467822 0.0623628385 -268962 414.59746
321 32100.00 48773.2149467822 0.0623628385 -267358 410.57286
322 32200.00 48773.2149467822 0.0623628385 -265755 406.56897
323 32300.00 48773.2149467822 0.0623628385 -264151 402.58579
324 32400.00 48773.2149467822 0.0623628385 -262548 398.62332
325 32500.00 48773.2149467822 0.0623628385 -260944 394.68155
326 32600.00 48773.2149467822 0.0623628385 -259341 390.76049
327 32700.00 48773.2149467822 0.0623628385 -257737 386.86014
328 32800.00 48773.2149467822 0.0623628385 -256134 382.98050
329 32900.00 48773.2149467822 0.0623628385 -254530 379.12156
330 33000.00 48773.2149467822 0.0623628385 -252927 375.28333
331 33100.00 48773.2149467822 0.0623628385 -251323 371.46581
332 33200.00 48773.2149467822 0.0623628385 -249719 367.66900
333 33300.00 48773.2149467822 0.0623628385 -248116 363.89289
334 33400.00 48773.2149467822 0.0623628385 -246512 360.13749
335 33500.00 48773.2149467822 0.0623628385 -244909 356.40280
336 33600.00 48773.2149467822 0.0623628385 -243305 352.68881
337 33700.00 48773.2149467822 0.0623628385 -241702 348.99554
338 33800.00 48773.2149467822 0.0623628385 -240098 345.32297
339 33900.00 48773.2149467822 0.0623628385 -238495 341.67110
340 34000.00 48773.2149467822 0.0623628385 -236891 338.03995
341 34100.00 48773.2149467822 0.0623628385 -235288 334.42950
342 34200.00 48773.2149467822 0.0623628385 -233684 330.83976
343 34300.00 48773.2149467822 0.0623628385 -232081 327.27073
344 34400.00 48773.2149467822 0.0623628385 -230477 323.72240
345 34500.00 48773.2149467822 0.0623628385 -228874 320.19478
346 34600.00 48773.2149467822 0.0623628385 -227270 316.68787
347 34700.00 48773.2149467822 0.0623628385 -225667 313.20167
348 34800.00 48773.2149467822 0.0623628385 -224063 309.73617
349 34900.00 48773.2149467822 0.0623628385 -222460 306.29138
350 35000.00 48773.2149467822 0.0623628385 -220856 302.86730
351 35100.00 48773.2149467822 0.0623628385 -219253 299.46392
352 35200.00 48773.2149467822 0.0623628385 -217649 296.08126
353 35300.00 48773.2149467822 0.0623628385 -216046 292.71930
354 35400.00 48773.2149467822 0.0623628385 -214442 289.37805
355 35500.00 48773.2149467822 0.0623628385 -212839 286.05750
356 35600.00 48773.2149467822 0.0623628385 -211235 282.75766
357 35700.00 48773.2149467822 0.0623628385 -209631 279.47853
358 35800.00 48773.2149467822 0.0623628385 -208028 276.22011
359 35900.00 48773.2149467822 0.0623628385 -206424 272.98239
360 36000.00 48773.2149467822 0.0623628385 -204821 269.76539
361 36100.00 48773.2149467822 0.0623628385 -203217 266.56908
362 36200.00 48773.2149467822 0.0623628385 -201614 263.39349
363 36300.00 48773.2149467822 0.0623628385 -200010 260.23860
364 36400.00 48773.2149467822 0.0623628385 -198407 257.10443
365 36500.00 48773.2149467822 0.0623628385 -196803 253.99095
366 36600.00 48773.2149467822 0.0623628385 -195200 250.89819
367 36700.00 48773.2149467822 0.0623628385 -193596 247.82613
368 36800.00 48773.2149467822 0.0623628385 -191993 244.77478
369 36900.00 48773.2149467822 0.0623628385 -190389 241.74414
370 37000.00 48773.2149467822 0.0623628385 -188786 238.73421
371 37100.00 48773.2149467822 0.0623628385 -187182 235.74498
372 37200.00 48773.2149467822 0.0623628385 -185579 232.77646
373 37300.00 48773.2149467822 0.0623628385 -183975 229.82865
374 37400.00 48773.2149467822 0.0623628385 -182372 226.90154
375 37500.00 48773.2149467822 0.0623628385 -180768 223.99514
376 37600.00 48773.2149467822 0.0623628385 -179165 221.10945
377 37700.00 48773.2149467822 0.0623628385 -177561 218.24447
378 37800.00 48773.2149467822 0.0623628385 -175958 215.40019
379 37900.00 48773.2149467822 0.0623628385 -174354 212.57663
380 38000.00 48773.2149467822 0.0623628385 -172751 209.77377
381 38100.00 48773.2149467822 0.0623628385 -171147 206.99161
382 38200.00 48773.2149467822 0.0623628385 -169544 204.23017
383 38300.00 48773.2149467822 0.0623628385 -167940 201.48943
384 38400.00 48773.2149467822 0.0623628385 -166336 198.76939
385 38500.00 48773.2149467822 0.0623628385 -164733 196.07007
386 38600.00 48773.2149467822 0.0623628385 -163129 193.39145
387 38700.00 48773.2149467822 0.0623628385 -161526 190.73354
388 38800.00 48773.2149467822 0.0623628385 -159922 188.09634
389 38900.00 48773.2149467822 0.0623628385 -158319 185.47985
390 39000.00 48773.2149467822 0.0623628385 -156715 182.88406
391 39100.00 48773.2149467822 0.0623628385 -155112 180.30898
392 39200.00 48773.2149467822 0.0623628385 -153508 177.75461
393 39300.00 48773.2149467822 0.0623628385 -151905 175.22094
394 39400.00 48773.2149467822 0.0623628385 -150301 172.70798
395 39500.00 48773.2149467822 0.0623628385 -148698 170.21573
396 39600.00 48773.2149467822 0.0623628385 -147094 167.74419
397 39700.00 48773.2149467822 0.0623628385 -145491 165.29335
398 39800.00 48773.2149467822 0.0623628385 -143887 162.86322
399 39900.00 48773.2149467822 0.0623628385 -142284 160.45380
400 40000.00 48773.2149467822 0.0623628385 -140680 158.06509
401 40100.00 48773.2149467822 0.0623628385 -139077 155.69708
402 40200.00 48773.2149467822 0.0623628385 -137473 153.34978
403 40300.00 48773.2149467822 0.0623628385 -135870 151.02319
404 40400.00 48773.2149467822 0.0623628385 -134266 148.71731
405 40500.00 48773.2149467822 0.0623628385 -132663 146.43213
406 40600.00 48773.2149467822 0.0623628385 -131059 144.16766
407 40700.00 48773.2149467822 0.0623628385 -129456 141.92390
408 40800.00 48773.2149467822 0.0623628385 -127852 139.70084
409 40900.00 48773.2149467822 0.0623628385 -126249 137.49849
410 41000.00 48773.2149467822 0.0623628385 -124645 135.31685
411 41100.00 48773.2149467822 0.0623628385 -123041 133.15592
412 41200.00 48773.2149467822 0.0623628385 -121438 131.01570
413 41300.00 48773.2149467822 0.0623628385 -119834 128.89618
414 41400.00 48773.2149467822 0.0623628385 -118231 126.79737
415 41500.00 48773.2149467822 0.0623628385 -116627 124.71926
416 41600.00 48773.2149467822 0.0623628385 -115024 122.66187
417 41700.00 48773.2149467822 0.0623628385 -113420 120.62518
418 41800.00 48773.2149467822 0.0623628385 -111817 118.60920
419 41900.00 48773.2149467822 0.0623628385 -110213 116.61392
420 42000.00 48773.2149467822 0.0623628385 -108610 114.63936
421 42100.00 48773.2149467822 0.0623628385 -107006 112.68550
422 42200.00 48773.2149467822 0.0623628385 -105403 110.75234
423 42300.00 48773.2149467822 0.0623628385 -103799 108.83990
424 42400.00 48773.2149467822 0.0623628385 -102196 106.94816
425 42500.00 48773.2149467822 0.0623628385 -100592 105.07713
426 42600.00 48773.2149467822 0.0623628385 -98989 103.22681
427 42700.00 48773.2149467822 0.0623628385 -97385 101.39719
428 42800.00 48773.2149467822 0.0623628385 -95782 99.58829
429 42900.00 48773.2149467822 0.0623628385 -94178 97.80009
430 43000.00 48773.2149467822 0.0623628385 -92575 96.03259
431 43100.00 48773.2149467822 0.0623628385 -90971 94.28581
432 43200.00 48773.2149467822 0.0623628385 -89368 92.55973
433 43300.00 48773.2149467822 0.0623628385 -87764 90.85436
434 43400.00 48773.2149467822 0.0623628385 -86161 89.16969
435 43500.00 48773.2149467822 0.0623628385 -84557 87.50574
436 43600.00 48773.2149467822 0.0623628385 -82953 85.86249
437 43700.00 48773.2149467822 0.0623628385 -81350 84.23995
438 43800.00 48773.2149467822 0.0623628385 -79746 82.63811
439 43900.00 48773.2149467822 0.0623628385 -78143 81.05699
440 44000.00 48773.2149467822 0.0623628385 -76539 79.49657
441 44100.00 48773.2149467822 0.0623628385 -74936 77.95685
442 44200.00 48773.2149467822 0.0623628385 -73332 76.43785
443 44300.00 48773.2149467822 0.0623628385 -71729 74.93955
444 44400.00 48773.2149467822 0.0623628385 -70125 73.46196
445 44500.00 48773.2149467822 0.0623628385 -68522 72.00508
446 44600.00 48773.2149467822 0.0623628385 -66918 70.56890
447 44700.00 48773.2149467822 0.0623628385 -65315 69.15344
448 44800.00 48773.2149467822 0.0623628385 -63711 67.75868
449 44900.00 48773.2149467822 0.0623628385 -62108 66.38462
450 45000.00 48773.2149467822 0.0623628385 -60504 65.03128
451 45100.00 48773.2149467822 0.0623628385 -58901 63.69864
452 45200.00 48773.2149467822 0.0623628385 -57297 62.38671
453 45300.00 48773.2149467822 0.0623628385 -55694 61.09548
454 45400.00 48773.2149467822 0.0623628385 -54090 59.82497
455 45500.00 48773.2149467822 0.0623628385 -52487 58.57516
456 45600.00 48773.2149467822 0.0623628385 -50883 57.34605
457 45700.00 48773.2149467822 0.0623628385 -49280 56.13766
458 45800.00 48773.2149467822 0.0623628385 -47676 54.94997
459 45900.00 48773.2149467822 0.0623628385 -46073 53.78299
460 46000.00 48773.2149467822 0.0623628385 -44469 52.63672
461 46100.00 48773.2149467822 0.0623628385 -42866 51.51116
462 46200.00 48773.2149467822 0.0623628385 -41262 50.40630
463 46300.00 48773.2149467822 0.0623628385 -39658 49.32215
464 46400.00 48773.2149467822 0.0623628385 -38055 48.25870
465 46500.00 48773.2149467822 0.0623628385 -36451 47.21597
466 46600.00 48773.2149467822 0.0623628385 -34848 46.19394
467 46700.00 48773.2149467822 0.0623628385 -33244 45.19262
468 46800.00 48773.2149467822 0.0623628385 -31641 44.21201
469 46900.00 48773.2149467822 0.0623628385 -30037 43.25210
470 47000.00 48773.2149467822 0.0623628385 -28434 42.31290
471 47100.00 48773.2149467822 0.0623628385 -26830 41.39441
472 47200.00 48773.2149467822 0.0623628385 -25227 40.49663
473 47300.00 48773.2149467822 0.0623628385 -23623 39.61955
474 47400.00 48773.2149467822 0.0623628385 -22020 38.76318
475 47500.00 48773.2149467822 0.0623628385 -20416 37.92752
476 47600.00 48773.2149467822 0.0623628385 -18813 37.11256
477 47700.00 48773.2149467822 0.0623628385 -17209 36.31832
478 47800.00 48773.2149467822 0.0623628385 -15606 35.54478
479 47900.00 48773.2149467822 0.0623628385 -14002 34.79194
480 48000.00 48773.2149467822 0.0623628385 -12399 34.05982
481 48100.00 48773.2149467822 0.0623628385 -10795 33.34840
482 48200.00 48773.2149467822 0.0623628385 -9192 32.65769
483 48300.00 48773.2149467822 0.0623628385 -7588 31.98769
484 48400.00 48773.2149467822 0.0623628385 -5985 31.33839
485 48500.00 48773.2149467822 0.0623628385 -4381 30.70980
486 48600.00 48773.2149467822 0.0623628385 -2778 30.10192
487 48700.00 48773.2149467822 0.0623628385 -1174 29.51475
488 48800.00 48773.2149467822 0.0623628385 430 28.94828
489 48900.00 48773.2149467822 0.0623628385 2033 28.40252
490 49000.00 48773.2149467822 0.0623628385 3637 27.87747
491 49100.00 48773.2149467822 0.0623628385 5240 27.37313
492 49200.00 48773.2149467822 0.0623628385 6844 26.88949
493 49300.00 48773.2149467822 0.0623628385 8447 26.42656
494 49400.00 48773.2149467822 0.0623628385 10051 25.98434
495 49500.00 48773.2149467822 0.0623628385 11654 25.56282
496 49600.00 48773.2149467822 0.0623628385 13258 25.16202
497 49700.00 48773.2149467822 0.0623628385 14861 24.78192
498 49800.00 48773.2149467822 0.0623628385 16465 24.42252
499 49900.00 48773.2149467822 0.0623628385 18068 24.08384
500 50000.00 48773.2149467822 0.0623628385 19672 23.76586
501 50100.00 48773.2149467822 0.0623628385 21275 23.46859
502 50200.00 48773.2149467822 0.0623628385 22879 23.19203
503 50300.00 48773.2149467822 0.0623628385 24482 22.93617
504 50400.00 48773.2149467822 0.0623628385 26086 22.70102
505 50500.00 48773.2149467822 0.0623628385 27689 22.48658
506 50600.00 48773.2149467822 0.0623628385 29293 22.29285
507 50700.00 48773.2149467822 0.0623628385 30896 22.11982
508 50800.00 48773.2149467822 0.0623628385 32500 21.96750
509 50900.00 48773.2149467822 0.0623628385 34103 21.83589
510 51000.00 48773.2149467822 0.0623628385 35707 21.72498
511 51100.00 48773.2149467822 0.0623628385 37310 21.63479
512 51200.00 48773.2149467822 0.0623628385 38914 21.56530
513 51300.00 48773.2149467822 0.0623628385 40517 21.51651
514 51400.00 48773.2149467822 0.0623628385 42121 21.48844
515 51500.00 48773.2149467822 0.0623628385 43725 21.48107
516 51600.00 48773.2149467822 0.0623628385 45328 21.49441
517 51700.00 48773.2149467822 0.0623628385 46932 21.52846
518 51800.00 48773.2149467822 0.0623628385 48535 21.58321
519 51900.00 48773.2149467822 0.0623628385 50139 21.65868
520 52000.00 48773.2149467822 0.0623628385 51742 21.75484
521 52100.00 48773.2149467822 0.0623628385 53346 21.87172
522 52200.00 48773.2149467822 0.0623628385 54949 22.00930
523 52300.00 48773.2149467822 0.0623628385 56553 22.16760
524 52400.00 48773.2149467822 0.0623628385 58156 22.34659
525 52500.00 48773.2149467822 0.0623628385 59760 22.54630
526 52600.00 48773.2149467822 0.0623628385 61363 22.76671
527 52700.00 48773.2149467822 0.0623628385 62967 23.00783
528 52800.00 48773.2149467822 0.0623628385 64570 23.26966
529 52900.00 48773.2149467822 0.0623628385 66174 23.55220
530 53000.00 48773.2149467822 0.0623628385 67777 23.85544
531 53100.00 48773.2149467822 0.0623628385 69381 24.17939
532 53200.00 48773.2149467822 0.0623628385 70984 24.52405
533 53300.00 48773.2149467822 0.0623628385 72588 24.88941
534 53400.00 48773.2149467822 0.0623628385 74191 25.27549
535 53500.00 48773.2149467822 0.0623628385 75795 25.68226
536 53600.00 48773.2149467822 0.0623628385 77398 26.10975
537 53700.00 48773.2149467822 0.0623628385 79002 26.55795
538 53800.00 48773.2149467822 0.0623628385 80605 27.02685
539 53900.00 48773.2149467822 0.0623628385 82209 27.51646
540 54000.00 48773.2149467822 0.0623628385 83812 28.02677
541 54100.00 48773.2149467822 0.0623628385 85416 28.55780
542 54200.00 48773.2149467822 0.0623628385 87020 29.10953
543 54300.00 48773.2149467822 0.0623628385 88623 29.68197
544 54400.00 48773.2149467822 0.0623628385 90227 30.27511
545 54500.00 48773.2149467822 0.0623628385 91830 30.88896
546 54600.00 48773.2149467822 0.0623628385 93434 31.52353
547 54700.00 48773.2149467822 0.0623628385 95037 32.17879
548 54800.00 48773.2149467822 0.0623628385 96641 32.85477
549 54900.00 48773.2149467822 0.0623628385 98244 33.55145
550 55000.00 48773.2149467822 0.0623628385 99848 34.26884
551 55100.00 48773.2149467822 0.0623628385 101451 35.00694
552 55200.00 48773.2149467822 0.0623628385 103055 35.76574
553 55300.00 48773.2149467822 0.0623628385 104658 36.54525
554 55400.00 48773.2149467822 0.0623628385 106262 37.34547
555 55500.00 48773.2149467822 0.0623628385 107865 38.16640
556 55600.00 48773.2149467822 0.0623628385 109469 39.00803
557 55700.00 48773.2149467822 0.0623628385 111072 39.87038
558 55800.00 48773.2149467822 0.0623628385 112676 40.75342
559 55900.00 48773.2149467822 0.0623628385 114279 41.65718
560 56000.00 48773.2149467822 0.0623628385 115883 42.58164
561 56100.00 48773.2149467822 0.0623628385 117486 43.52682
562 56200.00 48773.2149467822 0.0623628385 119090 44.49269
563 56300.00 48773.2149467822 0.0623628385 120693 45.47928
564 56400.00 48773.2149467822 0.0623628385 122297 46.48657
565 56500.00 48773.2149467822 0.0623628385 123900 47.51457
566 56600.00 48773.2149467822 0.0623628385 125504 48.56328
567 56700.00 48773.2149467822 0.0623628385 127108 49.63269
568 56800.00 48773.2149467822 0.0623628385 128711 50.72282
569 56900.00 48773.2149467822 0.0623628385 130315 51.83365
570 57000.00 48773.2149467822 0.0623628385 131918 52.96518
571 57100.00 48773.2149467822 0.0623628385 133522 54.11743
572 57200.00 48773.2149467822 0.0623628385 135125 55.29038
573 57300.00 48773.2149467822 0.0623628385 136729 56.48404
574 57400.00 48773.2149467822 0.0623628385 138332 57.69841
575 57500.00 48773.2149467822 0.0623628385 139936 58.93348
576 57600.00 48773.2149467822 0.0623628385 141539 60.18926
577 57700.00 48773.2149467822 0.0623628385 143143 61.46575
578 57800.00 48773.2149467822 0.0623628385 144746 62.76295
579 57900.00 48773.2149467822 0.0623628385 146350 64.08085
580 58000.00 48773.2149467822 0.0623628385 147953 65.41946
581 58100.00 48773.2149467822 0.0623628385 149557 66.77878
582 58200.00 48773.2149467822 0.0623628385 151160 68.15880
583 58300.00 48773.2149467822 0.0623628385 152764 69.55954
584 58400.00 48773.2149467822 0.0623628385 154367 70.98098
585 58500.00 48773.2149467822 0.0623628385 155971 72.42312
586 58600.00 48773.2149467822 0.0623628385 157574 73.88598
587 58700.00 48773.2149467822 0.0623628385 159178 75.36954
588 58800.00 48773.2149467822 0.0623628385 160781 76.87381
589 58900.00 48773.2149467822 0.0623628385 162385 78.39879
590 59000.00 48773.2149467822 0.0623628385 163988 79.94447
591 59100.00 48773.2149467822 0.0623628385 165592 81.51086
592 59200.00 48773.2149467822 0.0623628385 167195 83.09796
593 59300.00 48773.2149467822 0.0623628385 168799 84.70577
594 59400.00 48773.2149467822 0.0623628385 170403 86.33428
595 59500.00 48773.2149467822 0.0623628385 172006 87.98350
596 59600.00 48773.2149467822 0.0623628385 173610 89.65343
597 59700.00 48773.2149467822 0.0623628385 175213 91.34407
598 59800.00 48773.2149467822 0.0623628385 176817 93.05541
599 59900.00 48773.2149467822 0.0623628385 178420 94.78746
600 60000.00 48773.2149467822 0.0623628385 180024 96.54022
601 60100.00 48773.2149467822 0.0623628385 181627 98.31368
602 60200.00 48773.2149467822 0.0623628385 183231 100.10786
603 60300.00 48773.2149467822 0.0623628385 184834 101.92274
604 60400.00 48773.2149467822 0.0623628385 186438 103.75832
605 60500.00 48773.2149467822 0.0623628385 188041 105.61462
606 60600.00 48773.2149467822 0.0623628385 189645 107.49162
607 60700.00 48773.2149467822 0.0623628385 191248 109.38933
608 60800.00 48773.2149467822 0.0623628385 192852 111.30775
609 60900.00 48773.2149467822 0.0623628385 194455 113.24687
610 61000.00 48773.2149467822 0.0623628385 196059 115.20670
611 61100.00 48773.2149467822 0.0623628385 197662 117.18724
612 61200.00 48773.2149467822 0.0623628385 199266 119.18849
613 61300.00 48773.2149467822 0.0623628385 200869 121.21044
614 61400.00 48773.2149467822 0.0623628385 202473 123.25310
615 61500.00 48773.2149467822 0.0623628385 204076 125.31647
616 61600.00 48773.2149467822 0.0623628385 205680 127.40054
617 61700.00 48773.2149467822 0.0623628385 207283 129.50533
618 61800.00 48773.2149467822 0.0623628385 208887 131.63082
619 61900.00 48773.2149467822 0.0623628385 210490 133.77702
620 62000.00 48773.2149467822 0.0623628385 212094 135.94392
621 62100.00 48773.2149467822 0.0623628385 213698 138.13153
622 62200.00 48773.2149467822 0.0623628385 215301 140.33985
623 62300.00 48773.2149467822 0.0623628385 216905 142.56888
624 62400.00 48773.2149467822 0.0623628385 218508 144.81861
625 62500.00 48773.2149467822 0.0623628385 220112 147.08906
626 62600.00 48773.2149467822 0.0623628385 221715 149.38021
627 62700.00 48773.2149467822 0.0623628385 223319 151.69206
628 62800.00 48773.2149467822 0.0623628385 224922 154.02463
629 62900.00 48773.2149467822 0.0623628385 226526 156.37790
630 63000.00 48773.2149467822 0.0623628385 228129 158.75188
631 63100.00 48773.2149467822 0.0623628385 229733 161.14656
632 63200.00 48773.2149467822 0.0623628385 231336 163.56195
633 63300.00 48773.2149467822 0.0623628385 232940 165.99806
634 63400.00 48773.2149467822 0.0623628385 234543 168.45486
635 63500.00 48773.2149467822 0.0623628385 236147 170.93238
636 63600.00 48773.2149467822 0.0623628385 237750 173.43060
637 63700.00 48773.2149467822 0.0623628385 239354 175.94953
638 63800.00 48773.2149467822 0.0623628385 240957 178.48917
639 63900.00 48773.2149467822 0.0623628385 242561 181.04951
640 64000.00 48773.2149467822 0.0623628385 244164 183.63057
641 64100.00 48773.2149467822 0.0623628385 245768 186.23233
642 64200.00 48773.2149467822 0.0623628385 247371 188.85479
643 64300.00 48773.2149467822 0.0623628385 248975 191.49797
644 64400.00 48773.2149467822 0.0623628385 250578 194.16185
645 64500.00 48773.2149467822 0.0623628385 252182 196.84644
646 64600.00 48773.2149467822 0.0623628385 253786 199.55173
647 64700.00 48773.2149467822 0.0623628385 255389 202.27774
648 64800.00 48773.2149467822 0.0623628385 256993 205.02445
649 64900.00 48773.2149467822 0.0623628385 258596 207.79187
650 65000.00 48773.2149467822 0.0623628385 260200 210.57999
651 65100.00 48773.2149467822 0.0623628385 261803 213.38883
652 65200.00 48773.2149467822 0.0623628385 263407 216.21837
653 65300.00 48773.2149467822 0.0623628385 265010 219.06861
654 65400.00 48773.2149467822 0.0623628385 266614 221.93957
655 65500.00 48773.2149467822 0.0623628385 268217 224.83123
656 65600.00 48773.2149467822 0.0623628385 269821 227.74360
657 65700.00 48773.2149467822 0.0623628385 271424 230.67668
658 65800.00 48773.2149467822 0.0623628385 273028 233.63046
659 65900.00 48773.2149467822 0.0623628385 274631 236.60496
660 66000.00 48773.2149467822 0.0623628385 276235 239.60016
661 66100.00 48773.2149467822 0.0623628385 277838 242.61606
662 66200.00 48773.2149467822 0.0623628385 279442 245.65268
663 66300.00 48773.2149467822 0.0623628385 281045 248.71000
664 66400.00 48773.2149467822 0.0623628385 282649 251.78803
665 66500.00 48773.2149467822 0.0623628385 284252 254.88676
666 66600.00 48773.2149467822 0.0623628385 285856 258.00621
667 66700.00 48773.2149467822 0.0623628385 287459 261.14636
668 66800.00 48773.2149467822 0.0623628385 289063 264.30722
669 66900.00 48773.2149467822 0.0623628385 290666 267.48878
670 67000.00 48773.2149467822 0.0623628385 292270 270.69105
671 67100.00 48773.2149467822 0.0623628385 293873 273.91403
672 67200.00 48773.2149467822 0.0623628385 295477 277.15772
673 67300.00 48773.2149467822 0.0623628385 297081 280.42212
674 67400.00 48773.2149467822 0.0623628385 298684 283.70722
675 67500.00 48773.2149467822 0.0623628385 300288 287.01303
676 67600.00 48773.2149467822 0.0623628385 301891 290.33955
677 67700.00 48773.2149467822 0.0623628385 303495 293.68677
678 67800.00 48773.2149467822 0.0623628385 305098 297.05470
679 67900.00 48773.2149467822 0.0623628385 306702 300.44334
680 68000.00 48773.2149467822 0.0623628385 308305 303.85269
681 68100.00 48773.2149467822 0.0623628385 309909 307.28274
682 68200.00 48773.2149467822 0.0623628385 311512 310.73350
683 68300.00 48773.2149467822 0.0623628385 313116 314.20497
684 68400.00 48773.2149467822 0.0623628385 314719 317.69715
685 68500.00 48773.2149467822 0.0623628385 316323 321.21003
686 68600.00 48773.2149467822 0.0623628385 317926 324.74362
687 68700.00 48773.2149467822 0.0623628385 319530 328.29792
688 68800.00 48773.2149467822 0.0623628385 321133 331.87293
689 68900.00 48773.2149467822 0.0623628385 322737 335.46864
690 69000.00 48773.2149467822 0.0623628385 324340 339.08506
691 69100.00 48773.2149467822 0.0623628385 325944 342.72219
692 69200.00 48773.2149467822 0.0623628385 327547 346.38002
693 69300.00 48773.2149467822 0.0623628385 329151 350.05856
694 69400.00 48773.2149467822 0.0623628385 330754 353.75781
695 69500.00 48773.2149467822 0.0623628385 332358 357.47777
696 69600.00 48773.2149467822 0.0623628385 333961 361.21843
697 69700.00 48773.2149467822 0.0623628385 335565 364.97981
698 69800.00 48773.2149467822 0.0623628385 337169 368.76188
699 69900.00 48773.2149467822 0.0623628385 338772 372.56467
